::1 - - [23/Aug/2024:17:13:28 +0000] "GET /tasks HTTP/1.1" 200 652 "-" "PostmanRuntime/7.39.1"
::1 - - [23/Aug/2024:17:14:44 +0000] "GET /tasks/101 HTTP/1.1" 404 148 "-" "PostmanRuntime/7.39.1"
::1 - - [23/Aug/2024:17:20:44 +0000] "GET /tasks/101 HTTP/1.1" 404 148 "-" "PostmanRuntime/7.39.1"
::1 - - [23/Aug/2024:17:21:01 +0000] "PUT /tasks/101 HTTP/1.1" 404 148 "-" "PostmanRuntime/7.39.1"
::1 - - [23/Aug/2024:17:21:43 +0000] "PUT /tasks/101 HTTP/1.1" 404 148 "-" "PostmanRuntime/7.39.1"
::1 - - [23/Aug/2024:17:22:19 +0000] "GET /tasks/101 HTTP/1.1" 404 148 "-" "PostmanRuntime/7.39.1"
::1 - - [23/Aug/2024:17:22:35 +0000] "GET /task/101 HTTP/1.1" 200 85 "-" "PostmanRuntime/7.39.1"
::1 - - [23/Aug/2024:17:22:42 +0000] "PUT /task/101 HTTP/1.1" 201 82 "-" "PostmanRuntime/7.39.1"
::1 - - [23/Aug/2024:17:26:05 +0000] "PUT /task/39 HTTP/1.1" 201 81 "-" "PostmanRuntime/7.39.1"
::1 - - [23/Aug/2024:17:33:34 +0000] "PUT /task/39 HTTP/1.1" 201 80 "-" "PostmanRuntime/7.39.1"
::1 - - [23/Aug/2024:17:33:52 +0000] "PUT /task/101 HTTP/1.1" 201 82 "-" "PostmanRuntime/7.39.1"
::1 - - [23/Aug/2024:17:34:13 +0000] "PUT /task/45 HTTP/1.1" 201 81 "-" "PostmanRuntime/7.39.1"
::1 - - [23/Aug/2024:17:34:29 +0000] "GET /task/45 HTTP/1.1" 200 83 "-" "PostmanRuntime/7.39.1"
::1 - - [23/Aug/2024:17:35:05 +0000] "GET /task/50 HTTP/1.1" 404 26 "-" "PostmanRuntime/7.39.1"
::1 - - [23/Aug/2024:17:35:36 +0000] "POST /task/50 HTTP/1.1" 404 147 "-" "PostmanRuntime/7.39.1"
::1 - - [23/Aug/2024:17:35:55 +0000] "HEAD /task/50 HTTP/1.1" 404 26 "-" "PostmanRuntime/7.39.1"
::1 - - [23/Aug/2024:17:36:09 +0000] "OPTIONS /task/50 HTTP/1.1" 200 25 "-" "PostmanRuntime/7.39.1"
::1 - - [23/Aug/2024:17:36:17 +0000] "PATCH /task/50 HTTP/1.1" 404 26 "-" "PostmanRuntime/7.39.1"
::1 - - [23/Aug/2024:17:37:57 +0000] "PATCH /task/50 HTTP/1.1" 404 148 "-" "PostmanRuntime/7.39.1"
::1 - - [23/Aug/2024:17:38:15 +0000] "GET /task/50 HTTP/1.1" 404 146 "-" "PostmanRuntime/7.39.1"
::1 - - [23/Aug/2024:17:38:28 +0000] "POST /upload HTTP/1.1" 200 37 "-" "PostmanRuntime/7.39.1"
::1 - - [23/Aug/2024:17:38:36 +0000] "GET /tasks HTTP/1.1" 200 819 "-" "PostmanRuntime/7.39.1"
::1 - - [23/Aug/2024:17:40:06 +0000] "POST /upload HTTP/1.1" 200 37 "-" "PostmanRuntime/7.39.1"
::1 - - [23/Aug/2024:17:42:02 +0000] "POST /upload HTTP/1.1" 200 37 "-" "PostmanRuntime/7.39.1"
::1 - - [23/Aug/2024:17:42:20 +0000] "GET /tasks HTTP/1.1" 200 1077 "-" "PostmanRuntime/7.39.1"
::1 - - [23/Aug/2024:17:43:00 +0000] "GET /tasks HTTP/1.1" 200 1077 "-" "PostmanRuntime/7.39.1"
::1 - - [23/Aug/2024:17:46:59 +0000] "POST /upload HTTP/1.1" 200 37 "-" "PostmanRuntime/7.39.1"
::1 - - [23/Aug/2024:17:47:10 +0000] "GET /tasks HTTP/1.1" 200 1335 "-" "PostmanRuntime/7.39.1"
::1 - - [23/Aug/2024:17:47:49 +0000] "PUT /task/101 HTTP/1.1" 200 84 "-" "PostmanRuntime/7.39.1"
::1 - - [23/Aug/2024:17:48:01 +0000] "PUT /task/97 HTTP/1.1" 404 26 "-" "PostmanRuntime/7.39.1"
::1 - - [23/Aug/2024:17:50:15 +0000] "POST /upload HTTP/1.1" 200 37 "-" "PostmanRuntime/7.39.1"
::1 - - [23/Aug/2024:17:50:23 +0000] "GET /tasks HTTP/1.1" 200 1593 "-" "PostmanRuntime/7.39.1"
::1 - - [23/Aug/2024:17:50:34 +0000] "GET /tasks/434 HTTP/1.1" 404 148 "-" "PostmanRuntime/7.39.1"
::1 - - [23/Aug/2024:17:54:27 +0000] "GET //test-error HTTP/1.1" 404 150 "-" "PostmanRuntime/7.39.1"
::1 - - [23/Aug/2024:17:54:37 +0000] "GET /test-error HTTP/1.1" 404 149 "-" "PostmanRuntime/7.39.1"
::1 - - [23/Aug/2024:17:57:20 +0000] "GET /task/444 HTTP/1.1" 404 26 "-" "PostmanRuntime/7.39.1"
::1 - - [23/Aug/2024:18:00:26 +0000] "GET /task/444f HTTP/1.1" 404 26 "-" "PostmanRuntime/7.39.1"
::1 - - [23/Aug/2024:18:02:19 +0000] "GET /task/444f HTTP/1.1" 404 26 "-" "PostmanRuntime/7.39.1"
::1 - - [23/Aug/2024:18:03:03 +0000] "GET / HTTP/1.1" 404 139 "-" "Mozilla/5.0 (Windows NT 10.0; Win64; x64) AppleWebKit/537.36 (KHTML, like Gecko) Chrome/127.0.0.0 Safari/537.36"
::1 - - [23/Aug/2024:18:03:14 +0000] "GET / HTTP/1.1" 404 139 "-" "Mozilla/5.0 (Windows NT 10.0; Win64; x64) AppleWebKit/537.36 (KHTML, like Gecko) Chrome/127.0.0.0 Safari/537.36"
::1 - - [23/Aug/2024:18:03:23 +0000] "GET /tasks/43g HTTP/1.1" 404 148 "-" "Mozilla/5.0 (Windows NT 10.0; Win64; x64) AppleWebKit/537.36 (KHTML, like Gecko) Chrome/127.0.0.0 Safari/537.36"
::1 - - [23/Aug/2024:18:04:28 +0000] "GET /task/43g HTTP/1.1" 404 26 "-" "Mozilla/5.0 (Windows NT 10.0; Win64; x64) AppleWebKit/537.36 (KHTML, like Gecko) Chrome/127.0.0.0 Safari/537.36"
::1 - - [23/Aug/2024:18:04:28 +0000] "GET /favicon.ico HTTP/1.1" 404 150 "http://localhost:3000/task/43g" "Mozilla/5.0 (Windows NT 10.0; Win64; x64) AppleWebKit/537.36 (KHTML, like Gecko) Chrome/127.0.0.0 Safari/537.36"
::1 - - [23/Aug/2024:18:05:02 +0000] "GET /task/101 HTTP/1.1" 200 84 "-" "Mozilla/5.0 (Windows NT 10.0; Win64; x64) AppleWebKit/537.36 (KHTML, like Gecko) Chrome/127.0.0.0 Safari/537.36"
::1 - - [23/Aug/2024:18:05:53 +0000] "GET /task/101 HTTP/1.1" 304 - "-" "Mozilla/5.0 (Windows NT 10.0; Win64; x64) AppleWebKit/537.36 (KHTML, like Gecko) Chrome/127.0.0.0 Safari/537.36"
::1 - - [23/Aug/2024:18:08:28 +0000] "GET /test-error HTTP/1.1" 500 40 "-" "PostmanRuntime/7.39.1"
::1 - - [23/Aug/2024:18:10:57 +0000] "GET /task/9999 HTTP/1.1" 404 26 "-" "Mozilla/5.0 (Windows NT 10.0; Win64; x64) AppleWebKit/537.36 (KHTML, like Gecko) Chrome/127.0.0.0 Safari/537.36"
::1 - - [23/Aug/2024:18:12:32 +0000] "GET /task/45546 HTTP/1.1" 500 32 "-" "PostmanRuntime/7.39.1"
::1 - - [23/Aug/2024:18:14:08 +0000] "GET /task/45546 HTTP/1.1" 404 26 "-" "PostmanRuntime/7.39.1"
::1 - - [23/Aug/2024:18:15:23 +0000] "GET /task/45546 HTTP/1.1" 404 26 "-" "PostmanRuntime/7.39.1"
::1 - - [23/Aug/2024:18:15:55 +0000] "GET /task/45546 HTTP/1.1" 404 26 "-" "PostmanRuntime/7.39.1"
::1 - - [23/Aug/2024:18:15:57 +0000] "GET /task/45546 HTTP/1.1" 404 26 "-" "PostmanRuntime/7.39.1"
::1 - - [23/Aug/2024:18:20:51 +0000] "POST /upload HTTP/1.1" 200 37 "-" "PostmanRuntime/7.39.1"
::1 - - [23/Aug/2024:18:21:03 +0000] "GET /tasks HTTP/1.1" 200 1851 "-" "PostmanRuntime/7.39.1"
::1 - - [23/Aug/2024:18:21:54 +0000] "POST /upload HTTP/1.1" 200 37 "-" "PostmanRuntime/7.39.1"
::1 - - [23/Aug/2024:18:22:38 +0000] "POST /upload HTTP/1.1" 200 37 "-" "PostmanRuntime/7.39.1"
::1 - - [23/Aug/2024:18:23:13 +0000] "POST /tasks HTTP/1.1" 500 40 "-" "PostmanRuntime/7.39.1"
::1 - - [23/Aug/2024:18:23:51 +0000] "POST /tasks HTTP/1.1" 500 40 "-" "PostmanRuntime/7.39.1"
::1 - - [23/Aug/2024:18:25:20 +0000] "POST /tasks HTTP/1.1" 201 84 "-" "PostmanRuntime/7.39.1"
::1 - - [23/Aug/2024:18:26:52 +0000] "POST /tasks/67 HTTP/1.1" 404 148 "-" "PostmanRuntime/7.39.1"
::1 - - [23/Aug/2024:18:27:03 +0000] "POST /tasks HTTP/1.1" 500 40 "-" "PostmanRuntime/7.39.1"
POST /tasks 201 84 - 59.258 ms
POST /tasks 500 40 - 10.677 ms
::1 - - [2024-08-23T18:34:47.550Z] "POST /tasks HTTP/1.1" 500 40 "-" "PostmanRuntime/7.39.1" 35.756 ms
Request Details: [URL: /tasks, Method: POST, HTTP Version: HTTP/1.1, Status: 500, Response Length: 40 bytes, Response Time: 63.461 ms, Remote Address: ::1, Referrer: "-", User Agent: "PostmanRuntime/7.39.1"]
Request Details: [URL: /tasks, Method: POST, HTTP Version: HTTP/1.1, Status: 500, Response Length: 40 bytes, Response Time: 6.405 ms, Remote Address: ::1, Referrer: "-", User Agent: "PostmanRuntime/7.39.1"]
Request Details: [URL: /task/9999, Method: GET, HTTP Version: HTTP/1.1, Status: 404, Response Length: 26 bytes, Response Time: 4.720 ms, Remote Address: ::1, Referrer: "-", User Agent: "Mozilla/5.0 (Windows NT 10.0; Win64; x64) AppleWebKit/537.36 (KHTML, like Gecko) Chrome/127.0.0.0 Safari/537.36"]
2024-08-24 00:11:50 - [URL: /tasks, Method: POST, HTTP Version: HTTP/1.1, Status: 500, Response Length: 40 bytes, Response Time: 40.252 ms, Remote Address: ::1, Referrer: "-", User Agent: "PostmanRuntime/7.39.1"]
